# JRE version: Java(TM) SE Runtime Environment (8.0_45-b14) (build 1.8.0_45-b14)
# Java VM: Java HotSpot(TM) 64-Bit Server VM (25.45-b02 mixed mode linux-amd64 compressed oops)
Heap:
 PSYoungGen      total 268288K, used 1688K [0x000000076d500000, 0x000000077e500000, 0x00000007c0000000)
  eden space 258048K, 0% used [0x000000076d500000,0x000000076d500000,0x000000077d100000)
  from space 10240K, 16% used [0x000000077d100000,0x000000077d2a6028,0x000000077db00000)
  to   space 10240K, 0% used [0x000000077db00000,0x000000077db00000,0x000000077e500000)
 ParOldGen       total 171008K, used 48K [0x00000006c7e00000, 0x00000006d2500000, 0x000000076d500000)
  object space 171008K, 0% used [0x00000006c7e00000,0x00000006c7e0c000,0x00000006d2500000)
 Metaspace       used 6151K, capacity 6256K, committed 6528K, reserved 1056768K
  class space    used 566K, capacity 592K, committed 640K, reserved 1048576K
GC Heap History (9 events):
Event: 1.537 GC heap before
{Heap before GC invocations=1 (full 0):
 PSYoungGen      total 74752K, used 64512K [0x000000076d500000, 0x0000000772800000, 0x00000007c0000000)
  eden space 64512K, 100% used [0x000000076d500000,0x0000000771400000,0x0000000771400000)
  from space 10240K, 0% used [0x0000000771e00000,0x0000000771e00000,0x0000000772800000)
  to   space 10240K, 0% used [0x0000000771400000,0x0000000771400000,0x0000000771e00000)
 ParOldGen       total 171008K, used 0K [0x00000006c7e00000, 0x00000006d2500000, 0x000000076d500000)
  object space 171008K, 0% used [0x00000006c7e00000,0x00000006c7e00000,0x00000006d2500000)
 Metaspace       used 5746K, capacity 6000K, committed 6272K, reserved 1056768K
  class space    used 562K, capacity 592K, committed 640K, reserved 1048576K
Event: 1.560 GC heap after
Heap after GC invocations=1 (full 0):
 PSYoungGen      total 74752K, used 5491K [0x000000076d500000, 0x0000000776700000, 0x00000007c0000000)
  eden space 64512K, 0% used [0x000000076d500000,0x000000076d500000,0x0000000771400000)
  from space 10240K, 53% used [0x0000000771400000,0x000000077195cff8,0x0000000771e00000)
  to   space 10240K, 0% used [0x0000000775d00000,0x0000000775d00000,0x0000000776700000)
 ParOldGen       total 171008K, used 16K [0x00000006c7e00000, 0x00000006d2500000, 0x000000076d500000)
  object space 171008K, 0% used [0x00000006c7e00000,0x00000006c7e04000,0x00000006d2500000)
 Metaspace       used 5746K, capacity 6000K, committed 6272K, reserved 1056768K
  class space    used 562K, capacity 592K, committed 640K, reserved 1048576K
}
Event: 2.292 GC heap before
{Heap before GC invocations=2 (full 0):
 PSYoungGen      total 74752K, used 70003K [0x000000076d500000, 0x0000000776700000, 0x00000007c0000000)
  eden space 64512K, 100% used [0x000000076d500000,0x0000000771400000,0x0000000771400000)
  from space 10240K, 53% used [0x0000000771400000,0x000000077195cff8,0x0000000771e00000)
  to   space 10240K, 0% used [0x0000000775d00000,0x0000000775d00000,0x0000000776700000)
 ParOldGen       total 171008K, used 16K [0x00000006c7e00000, 0x00000006d2500000, 0x000000076d500000)
  object space 171008K, 0% used [0x00000006c7e00000,0x00000006c7e04000,0x00000006d2500000)
 Metaspace       used 5905K, capacity 6128K, committed 6272K, reserved 1056768K
  class space    used 562K, capacity 592K, committed 640K, reserved 1048576K
Event: 2.300 GC heap after
Heap after GC invocations=2 (full 0):
 PSYoungGen      total 139264K, used 8571K [0x000000076d500000, 0x0000000776700000, 0x00000007c0000000)
  eden space 129024K, 0% used [0x000000076d500000,0x000000076d500000,0x0000000775300000)
  from space 10240K, 83% used [0x0000000775d00000,0x000000077655ee20,0x0000000776700000)
  to   space 10240K, 0% used [0x0000000775300000,0x0000000775300000,0x0000000775d00000)
 ParOldGen       total 171008K, used 24K [0x00000006c7e00000, 0x00000006d2500000, 0x000000076d500000)
  object space 171008K, 0% used [0x00000006c7e00000,0x00000006c7e06000,0x00000006d2500000)
 Metaspace       used 5905K, capacity 6128K, committed 6272K, reserved 1056768K
  class space    used 562K, capacity 592K, committed 640K, reserved 1048576K
}
Event: 2.583 GC heap before
{Heap before GC invocations=3 (full 0):
 PSYoungGen      total 139264K, used 137595K [0x000000076d500000, 0x0000000776700000, 0x00000007c0000000)
  eden space 129024K, 100% used [0x000000076d500000,0x0000000775300000,0x0000000775300000)
  from space 10240K, 83% used [0x0000000775d00000,0x000000077655ee20,0x0000000776700000)
  to   space 10240K, 0% used [0x0000000775300000,0x0000000775300000,0x0000000775d00000)
 ParOldGen       total 171008K, used 24K [0x00000006c7e00000, 0x00000006d2500000, 0x000000076d500000)
  object space 171008K, 0% used [0x00000006c7e00000,0x00000006c7e06000,0x00000006d2500000)
 Metaspace       used 6045K, capacity 6192K, committed 6272K, reserved 1056768K
  class space    used 562K, capacity 592K, committed 640K, reserved 1048576K
Event: 2.608 GC heap after
Heap after GC invocations=3 (full 0):
 PSYoungGen      total 139264K, used 8632K [0x000000076d500000, 0x000000077e500000, 0x00000007c0000000)
  eden space 129024K, 0% used [0x000000076d500000,0x000000076d500000,0x0000000775300000)
  from space 10240K, 84% used [0x0000000775300000,0x0000000775b6e028,0x0000000775d00000)
  to   space 10240K, 0% used [0x000000077db00000,0x000000077db00000,0x000000077e500000)
 ParOldGen       total 171008K, used 32K [0x00000006c7e00000, 0x00000006d2500000, 0x000000076d500000)
  object space 171008K, 0% used [0x00000006c7e00000,0x00000006c7e08000,0x00000006d2500000)
 Metaspace       used 6045K, capacity 6192K, committed 6272K, reserved 1056768K
  class space    used 562K, capacity 592K, committed 640K, reserved 1048576K
}
Event: 2.796 GC heap before
{Heap before GC invocations=4 (full 0):
 PSYoungGen      total 139264K, used 137656K [0x000000076d500000, 0x000000077e500000, 0x00000007c0000000)
  eden space 129024K, 100% used [0x000000076d500000,0x0000000775300000,0x0000000775300000)
  from space 10240K, 84% used [0x0000000775300000,0x0000000775b6e028,0x0000000775d00000)
  to   space 10240K, 0% used [0x000000077db00000,0x000000077db00000,0x000000077e500000)
 ParOldGen       total 171008K, used 32K [0x00000006c7e00000, 0x00000006d2500000, 0x000000076d500000)
  object space 171008K, 0% used [0x00000006c7e00000,0x00000006c7e08000,0x00000006d2500000)
 Metaspace       used 6087K, capacity 6256K, committed 6528K, reserved 1056768K
  class space    used 562K, capacity 592K, committed 640K, reserved 1048576K
Event: 2.805 GC heap after
Heap after GC invocations=4 (full 0):
 PSYoungGen      total 268288K, used 9496K [0x000000076d500000, 0x000000077e500000, 0x00000007c0000000)
  eden space 258048K, 0% used [0x000000076d500000,0x000000076d500000,0x000000077d100000)
  from space 10240K, 92% used [0x000000077db00000,0x000000077e446028,0x000000077e500000)
  to   space 10240K, 0% used [0x000000077d100000,0x000000077d100000,0x000000077db00000)
 ParOldGen       total 171008K, used 40K [0x00000006c7e00000, 0x00000006d2500000, 0x000000076d500000)
  object space 171008K, 0% used [0x00000006c7e00000,0x00000006c7e0a000,0x00000006d2500000)
 Metaspace       used 6087K, capacity 6256K, committed 6528K, reserved 1056768K
  class space    used 562K, capacity 592K, committed 640K, reserved 1048576K
}
Event: 3.247 GC heap before
{Heap before GC invocations=5 (full 0):
 PSYoungGen      total 268288K, used 267544K [0x000000076d500000, 0x000000077e500000, 0x00000007c0000000)
  eden space 258048K, 100% used [0x000000076d500000,0x000000077d100000,0x000000077d100000)
  from space 10240K, 92% used [0x000000077db00000,0x000000077e446028,0x000000077e500000)
  to   space 10240K, 0% used [0x000000077d100000,0x000000077d100000,0x000000077db00000)
 ParOldGen       total 171008K, used 40K [0x00000006c7e00000, 0x00000006d2500000, 0x000000076d500000)
  object space 171008K, 0% used [0x00000006c7e00000,0x00000006c7e0a000,0x00000006d2500000)
 Metaspace       used 6151K, capacity 6256K, committed 6528K, reserved 1056768K
  class space    used 566K, capacity 592K, committed 640K, reserved 1048576K

